<?xml version="1.0"?>
<!DOCTYPE coverage SYSTEM "http://cobertura.sourceforge.net/xml/coverage-04.dtd">

<coverage line-rate="1.0" branch-rate="1.0" lines-covered="2" lines-valid="2" branches-covered="0" branches-valid="0" complexity="1.0" version="2.1.1" timestamp="1585555950530">
	<sources>
		<source>--source</source>
		<source>/home/work/DiffDemo/src/main/java</source>
	</sources>
	<packages>
		<package name="com.example" line-rate="1.0" branch-rate="1.0" complexity="1.0">
			<classes>
				<class name="com.example.Math" filename="com/example/Math.java" line-rate="1.0" branch-rate="1.0" complexity="1.0">
					<methods>
						<method name="&lt;init&gt;" signature="()V" line-rate="1.0" branch-rate="1.0" complexity="0">
							<lines>
								<line number="9" hits="1" branch="false"/>
							</lines>
						</method>
						<method name="multiply" signature="(II)I" line-rate="1.0" branch-rate="1.0" complexity="0">
							<lines>
								<line number="11" hits="1" branch="false"/>
							</lines>
						</method>
					</methods>
					<lines>
						<line number="9" hits="1" branch="false"/>
						<line number="11" hits="1" branch="false"/>
					</lines>
				</class>
			</classes>
		</package>
	</packages>
</coverage>
